Unity Editor version:    2021.3.13f1 (9e7d58001ecf)
Branch:                  2021.3/staging
Build type:              Release
Batch mode:              YES
macOS version:           Version 10.15.7 (Build 19H2026)
Darwin version:          19.6.0
Architecture:            x86_64
Running under Rosetta:   NO
Available memory:        16384 MB
Using pre-set license
Pro License: YES

COMMAND LINE ARGUMENTS:
/Applications/Unity/Hub/Editor/2021.3.13f1/Unity.app/Contents/MacOS/Unity
-adb2
-batchMode
-noUpm
-name
AssetImportWorker0
-projectPath
/Users/morris/Unity Projects/Caso di Studio SV
-logFile
Logs/AssetImportWorker0.log
-srvPort
53318
Successfully changed project path to: /Users/morris/Unity Projects/Caso di Studio SV
/Users/morris/Unity Projects/Caso di Studio SV
[UnityMemory] Configuration Parameters - Can be set up in boot.config
    "memorysetup-bucket-allocator-granularity=16"
    "memorysetup-bucket-allocator-bucket-count=8"
    "memorysetup-bucket-allocator-block-size=33554432"
    "memorysetup-bucket-allocator-block-count=8"
    "memorysetup-main-allocator-block-size=16777216"
    "memorysetup-thread-allocator-block-size=16777216"
    "memorysetup-gfx-main-allocator-block-size=16777216"
    "memorysetup-gfx-thread-allocator-block-size=16777216"
    "memorysetup-cache-allocator-block-size=4194304"
    "memorysetup-typetree-allocator-block-size=2097152"
    "memorysetup-profiler-bucket-allocator-granularity=16"
    "memorysetup-profiler-bucket-allocator-bucket-count=8"
    "memorysetup-profiler-bucket-allocator-block-size=33554432"
    "memorysetup-profiler-bucket-allocator-block-count=8"
    "memorysetup-profiler-allocator-block-size=16777216"
    "memorysetup-profiler-editor-allocator-block-size=1048576"
    "memorysetup-temp-allocator-size-main=16777216"
    "memorysetup-job-temp-allocator-block-size=2097152"
    "memorysetup-job-temp-allocator-block-size-background=1048576"
    "memorysetup-job-temp-allocator-reduction-small-platforms=262144"
    "memorysetup-temp-allocator-size-background-worker=32768"
    "memorysetup-temp-allocator-size-job-worker=262144"
    "memorysetup-temp-allocator-size-preload-manager=33554432"
    "memorysetup-temp-allocator-size-nav-mesh-worker=65536"
    "memorysetup-temp-allocator-size-audio-worker=65536"
    "memorysetup-temp-allocator-size-cloud-worker=32768"
    "memorysetup-temp-allocator-size-gi-baking-worker=262144"
    "memorysetup-temp-allocator-size-gfx=262144"
Refreshing native plugins compatible for Editor in 471.16 ms, found 2 plugins.
Preloading 0 native plugins for Editor in 0.00 ms.
Initialize engine version: 2021.3.13f1 (9e7d58001ecf)
[Subsystems] Discovering subsystems at path /Applications/Unity/Hub/Editor/2021.3.13f1/Unity.app/Contents/Resources/UnitySubsystems
[Subsystems] Discovering subsystems at path /Users/morris/Unity Projects/Caso di Studio SV/Assets
GfxDevice: creating device client; threaded=0; jobified=0
Color LCD preferred device: Intel HD Graphics 4000 (low power)
Metal devices available: 1
0: Intel HD Graphics 4000 (low power)
Using device Intel HD Graphics 4000 (low power)
Initializing Metal device caps: Intel HD Graphics 4000
Initialize mono
Mono path[0] = '/Applications/Unity/Hub/Editor/2021.3.13f1/Unity.app/Contents/Managed'
Mono path[1] = '/Applications/Unity/Hub/Editor/2021.3.13f1/Unity.app/Contents/MonoBleedingEdge/lib/mono/unityjit-macos'
Mono config path = '/Applications/Unity/Hub/Editor/2021.3.13f1/Unity.app/Contents/MonoBleedingEdge/etc'
Using monoOptions --debugger-agent=transport=dt_socket,embedding=1,server=y,suspend=n,address=127.0.0.1:56161
Begin MonoManager ReloadAssembly
Registering precompiled unity dll's ...
Register platform support module: /Applications/Unity/Hub/Editor/2021.3.13f1/Unity.app/Contents/PlaybackEngines/MacStandaloneSupport/UnityEditor.OSXStandalone.Extensions.dll
Register platform support module: /Applications/Unity/Hub/Editor/2021.3.13f1/PlaybackEngines/WindowsStandaloneSupport/UnityEditor.WindowsStandalone.Extensions.dll
Registered in 0.002663 seconds.
Native extension for WindowsStandalone target not found
Native extension for OSXStandalone target not found
Refreshing native plugins compatible for Editor in 421.19 ms, found 2 plugins.
Preloading 0 native plugins for Editor in 0.00 ms.
Mono: successfully reloaded assembly
- Completed reload, in  2.669 seconds
Domain Reload Profiling:
	ReloadAssembly (2670ms)
		BeginReloadAssembly (146ms)
			ExecutionOrderSort (0ms)
			DisableScriptedObjects (0ms)
			BackupInstance (0ms)
			ReleaseScriptingObjects (0ms)
			CreateAndSetChildDomain (2ms)
		EndReloadAssembly (2281ms)
			LoadAssemblies (143ms)
			RebuildTransferFunctionScriptingTraits (0ms)
			SetupTypeCache (694ms)
			ReleaseScriptCaches (0ms)
			RebuildScriptCaches (164ms)
			SetupLoadedEditorAssemblies (1286ms)
				LogAssemblyErrors (0ms)
				InitializePlatformSupportModulesInManaged (24ms)
				SetLoadedEditorAssemblies (1ms)
				RefreshPlugins (421ms)
				BeforeProcessingInitializeOnLoad (3ms)
				ProcessInitializeOnLoadAttributes (704ms)
				ProcessInitializeOnLoadMethodAttributes (131ms)
				AfterProcessingInitializeOnLoad (0ms)
				EditorAssembliesLoaded (0ms)
			ExecutionOrderSort2 (0ms)
			AwakeInstancesAfterBackupRestoration (0ms)
Platform modules already initialized, skipping
Registering precompiled user dll's ...
Registered in 0.006036 seconds.
Begin MonoManager ReloadAssembly
Symbol file LoadedFromMemory doesn't match image /Users/morris/Unity Projects/Caso di Studio SV/Library/PackageCache/com.unity.visualscripting@1.7.8/Editor/VisualScripting.Core/Dependencies/DotNetZip/Unity.VisualScripting.IonicZip.dll
Symbol file LoadedFromMemory doesn't match image /Users/morris/Unity Projects/Caso di Studio SV/Library/PackageCache/com.unity.visualscripting@1.7.8/Editor/VisualScripting.Core/Dependencies/YamlDotNet/Unity.VisualScripting.YamlDotNet.dll
Native extension for WindowsStandalone target not found
Native extension for OSXStandalone target not found
Refreshing native plugins compatible for Editor in 400.84 ms, found 2 plugins.
Preloading 0 native plugins for Editor in 0.00 ms.
Package Manager log level set to [2]
Mono: successfully reloaded assembly
- Completed reload, in  5.411 seconds
Domain Reload Profiling:
	ReloadAssembly (5413ms)
		BeginReloadAssembly (279ms)
			ExecutionOrderSort (0ms)
			DisableScriptedObjects (16ms)
			BackupInstance (0ms)
			ReleaseScriptingObjects (1ms)
			CreateAndSetChildDomain (66ms)
		EndReloadAssembly (4622ms)
			LoadAssemblies (189ms)
			RebuildTransferFunctionScriptingTraits (0ms)
			SetupTypeCache (1385ms)
			ReleaseScriptCaches (2ms)
			RebuildScriptCaches (304ms)
			SetupLoadedEditorAssemblies (2574ms)
				LogAssemblyErrors (0ms)
				InitializePlatformSupportModulesInManaged (12ms)
				SetLoadedEditorAssemblies (3ms)
				RefreshPlugins (401ms)
				BeforeProcessingInitializeOnLoad (432ms)
				ProcessInitializeOnLoadAttributes (1078ms)
				ProcessInitializeOnLoadMethodAttributes (642ms)
				AfterProcessingInitializeOnLoad (6ms)
				EditorAssembliesLoaded (1ms)
			ExecutionOrderSort2 (0ms)
			AwakeInstancesAfterBackupRestoration (12ms)
Platform modules already initialized, skipping
========================================================================
Worker process is ready to serve import requests
Launching external process: /Applications/Unity/Hub/Editor/2021.3.13f1/Unity.app/Contents/Tools/UnityShaderCompiler
Launched and connected shader compiler UnityShaderCompiler after 0.02 seconds
Refreshing native plugins compatible for Editor in 2.70 ms, found 2 plugins.
Preloading 0 native plugins for Editor in 0.00 ms.
Unloading 6175 Unused Serialized files (Serialized files now loaded: 0)
Unloading 100 unused Assets / (2.0 MB). Loaded Objects now: 6587.
Memory consumption went from 378.0 MB to 376.0 MB.
Total: 15.179055 ms (FindLiveObjects: 0.830860 ms CreateObjectMapping: 1.155568 ms MarkObjects: 12.234633 ms  DeleteObjects: 0.955491 ms)

AssetImportParameters requested are different than current active one (requested -> active):
  custom:video-decoder-ogg-theora: a1e56fd34408186e4bbccfd4996cb3dc -> 
  custom:container-muxer-webm: aa71ff27fc2769a1b78a27578f13a17b -> 
  custom:container-demuxer-webm: 4f35f7cbe854078d1ac9338744f61a02 -> 
  custom:video-encoder-webm-vp8: eb34c28f22e8b96e1ab97ce403110664 -> 
  custom:framework-osx-AVFoundation: b23960f63f64bdc6ff669e2cdcee2391 -> 
  custom:audio-encoder-webm-vorbis: bf7c407c2cedff20999df2af8eb42d56 -> 
  custom:container-demuxer-ogg: 62fdf1f143b41e24485cea50d1cbac27 -> 
  custom:video-decoder-webm-vp8: 9c59270c3fd7afecdb556c50c9e8de78 -> 
  custom:audio-decoder-ogg-vorbis: bf7c407c2cedff20999df2af8eb42d56 -> 
========================================================================
Received Import Request.
  Time since last request: 71534.111558 seconds.
  path: Assets/Scenes/Start.unity
  artifactKey: Guid(3068bdd9824374802bd43b90a8f398f2) Importer(815301076,1909f56bfc062723c751e8b465ee728b)
Start importing Assets/Scenes/Start.unity using Guid(3068bdd9824374802bd43b90a8f398f2) Importer(815301076,1909f56bfc062723c751e8b465ee728b)  -> (artifact id: 'c16ca88b1ad933e89a0def56608afac8') in 0.017949 seconds 
========================================================================
Received Prepare
Registering precompiled user dll's ...
Registered in 0.037493 seconds.
Begin MonoManager ReloadAssembly
Symbol file LoadedFromMemory doesn't match image /Users/morris/Unity Projects/Caso di Studio SV/Library/PackageCache/com.unity.visualscripting@1.7.8/Editor/VisualScripting.Core/Dependencies/DotNetZip/Unity.VisualScripting.IonicZip.dll
Symbol file LoadedFromMemory doesn't match image /Users/morris/Unity Projects/Caso di Studio SV/Library/PackageCache/com.unity.visualscripting@1.7.8/Editor/VisualScripting.Core/Dependencies/YamlDotNet/Unity.VisualScripting.YamlDotNet.dll
Native extension for WindowsStandalone target not found
Native extension for OSXStandalone target not found
Refreshing native plugins compatible for Editor in 5.18 ms, found 2 plugins.
Preloading 0 native plugins for Editor in 0.00 ms.
Mono: successfully reloaded assembly
- Completed reload, in  5.564 seconds
Domain Reload Profiling:
	ReloadAssembly (5567ms)
		BeginReloadAssembly (437ms)
			ExecutionOrderSort (0ms)
			DisableScriptedObjects (23ms)
			BackupInstance (0ms)
			ReleaseScriptingObjects (0ms)
			CreateAndSetChildDomain (213ms)
		EndReloadAssembly (4757ms)
			LoadAssemblies (223ms)
			RebuildTransferFunctionScriptingTraits (0ms)
			SetupTypeCache (1377ms)
			ReleaseScriptCaches (5ms)
			RebuildScriptCaches (289ms)
			SetupLoadedEditorAssemblies (2588ms)
				LogAssemblyErrors (0ms)
				InitializePlatformSupportModulesInManaged (36ms)
				SetLoadedEditorAssemblies (2ms)
				RefreshPlugins (5ms)
				BeforeProcessingInitializeOnLoad (438ms)
				ProcessInitializeOnLoadAttributes (1309ms)
				ProcessInitializeOnLoadMethodAttributes (791ms)
				AfterProcessingInitializeOnLoad (6ms)
				EditorAssembliesLoaded (1ms)
			ExecutionOrderSort2 (0ms)
			AwakeInstancesAfterBackupRestoration (20ms)
Platform modules already initialized, skipping
Refreshing native plugins compatible for Editor in 14.28 ms, found 2 plugins.
Preloading 0 native plugins for Editor in 0.00 ms.
Unloading 6052 Unused Serialized files (Serialized files now loaded: 0)
Unloading 78 unused Assets / (2.0 MB). Loaded Objects now: 6602.
Memory consumption went from 367.7 MB to 365.6 MB.
Total: 22.319949 ms (FindLiveObjects: 1.767512 ms CreateObjectMapping: 1.328604 ms MarkObjects: 17.848502 ms  DeleteObjects: 1.373050 ms)

AssetImportParameters requested are different than current active one (requested -> active):
  custom:video-decoder-ogg-theora: a1e56fd34408186e4bbccfd4996cb3dc -> 
  custom:container-muxer-webm: aa71ff27fc2769a1b78a27578f13a17b -> 
  custom:container-demuxer-webm: 4f35f7cbe854078d1ac9338744f61a02 -> 
  custom:video-encoder-webm-vp8: eb34c28f22e8b96e1ab97ce403110664 -> 
  custom:framework-osx-AVFoundation: b23960f63f64bdc6ff669e2cdcee2391 -> 
  custom:audio-encoder-webm-vorbis: bf7c407c2cedff20999df2af8eb42d56 -> 
  custom:container-demuxer-ogg: 62fdf1f143b41e24485cea50d1cbac27 -> 
  custom:video-decoder-webm-vp8: 9c59270c3fd7afecdb556c50c9e8de78 -> 
  custom:audio-decoder-ogg-vorbis: bf7c407c2cedff20999df2af8eb42d56 -> 
========================================================================
Received Prepare
Refreshing native plugins compatible for Editor in 21.58 ms, found 2 plugins.
Preloading 0 native plugins for Editor in 0.00 ms.
Unloading 78 Unused Serialized files (Serialized files now loaded: 0)
Unloading 78 unused Assets / (2.1 MB). Loaded Objects now: 6602.
Memory consumption went from 246.4 MB to 244.4 MB.
Total: 22.398253 ms (FindLiveObjects: 1.969101 ms CreateObjectMapping: 1.488639 ms MarkObjects: 17.416606 ms  DeleteObjects: 1.521575 ms)

AssetImportParameters requested are different than current active one (requested -> active):
  custom:video-decoder-ogg-theora: a1e56fd34408186e4bbccfd4996cb3dc -> 
  custom:container-muxer-webm: aa71ff27fc2769a1b78a27578f13a17b -> 
  custom:container-demuxer-webm: 4f35f7cbe854078d1ac9338744f61a02 -> 
  custom:video-encoder-webm-vp8: eb34c28f22e8b96e1ab97ce403110664 -> 
  custom:framework-osx-AVFoundation: b23960f63f64bdc6ff669e2cdcee2391 -> 
  custom:audio-encoder-webm-vorbis: bf7c407c2cedff20999df2af8eb42d56 -> 
  custom:container-demuxer-ogg: 62fdf1f143b41e24485cea50d1cbac27 -> 
  custom:video-decoder-webm-vp8: 9c59270c3fd7afecdb556c50c9e8de78 -> 
  custom:audio-decoder-ogg-vorbis: bf7c407c2cedff20999df2af8eb42d56 -> 
========================================================================
Received Prepare
Registering precompiled user dll's ...
Registered in 0.005841 seconds.
Begin MonoManager ReloadAssembly
Symbol file LoadedFromMemory doesn't match image /Users/morris/Unity Projects/Caso di Studio SV/Library/PackageCache/com.unity.visualscripting@1.7.8/Editor/VisualScripting.Core/Dependencies/DotNetZip/Unity.VisualScripting.IonicZip.dll
Symbol file LoadedFromMemory doesn't match image /Users/morris/Unity Projects/Caso di Studio SV/Library/PackageCache/com.unity.visualscripting@1.7.8/Editor/VisualScripting.Core/Dependencies/YamlDotNet/Unity.VisualScripting.YamlDotNet.dll
Native extension for WindowsStandalone target not found
Native extension for OSXStandalone target not found
Refreshing native plugins compatible for Editor in 2.35 ms, found 2 plugins.
Preloading 0 native plugins for Editor in 0.00 ms.
Mono: successfully reloaded assembly
- Completed reload, in  2.491 seconds
Domain Reload Profiling:
	ReloadAssembly (2492ms)
		BeginReloadAssembly (289ms)
			ExecutionOrderSort (0ms)
			DisableScriptedObjects (13ms)
			BackupInstance (0ms)
			ReleaseScriptingObjects (0ms)
			CreateAndSetChildDomain (150ms)
		EndReloadAssembly (2002ms)
			LoadAssemblies (136ms)
			RebuildTransferFunctionScriptingTraits (1ms)
			SetupTypeCache (631ms)
			ReleaseScriptCaches (3ms)
			RebuildScriptCaches (110ms)
			SetupLoadedEditorAssemblies (1039ms)
				LogAssemblyErrors (0ms)
				InitializePlatformSupportModulesInManaged (21ms)
				SetLoadedEditorAssemblies (1ms)
				RefreshPlugins (2ms)
				BeforeProcessingInitializeOnLoad (149ms)
				ProcessInitializeOnLoadAttributes (543ms)
				ProcessInitializeOnLoadMethodAttributes (319ms)
				AfterProcessingInitializeOnLoad (3ms)
				EditorAssembliesLoaded (0ms)
			ExecutionOrderSort2 (0ms)
			AwakeInstancesAfterBackupRestoration (8ms)
Platform modules already initialized, skipping
Refreshing native plugins compatible for Editor in 6.54 ms, found 2 plugins.
Preloading 0 native plugins for Editor in 0.00 ms.
Unloading 6052 Unused Serialized files (Serialized files now loaded: 0)
Unloading 78 unused Assets / (2.0 MB). Loaded Objects now: 6617.
Memory consumption went from 368.0 MB to 365.9 MB.
Total: 12.030999 ms (FindLiveObjects: 0.589638 ms CreateObjectMapping: 0.348526 ms MarkObjects: 10.205966 ms  DeleteObjects: 0.884331 ms)

AssetImportParameters requested are different than current active one (requested -> active):
  custom:video-decoder-ogg-theora: a1e56fd34408186e4bbccfd4996cb3dc -> 
  custom:container-muxer-webm: aa71ff27fc2769a1b78a27578f13a17b -> 
  custom:container-demuxer-webm: 4f35f7cbe854078d1ac9338744f61a02 -> 
  custom:video-encoder-webm-vp8: eb34c28f22e8b96e1ab97ce403110664 -> 
  custom:framework-osx-AVFoundation: b23960f63f64bdc6ff669e2cdcee2391 -> 
  custom:audio-encoder-webm-vorbis: bf7c407c2cedff20999df2af8eb42d56 -> 
  custom:container-demuxer-ogg: 62fdf1f143b41e24485cea50d1cbac27 -> 
  custom:video-decoder-webm-vp8: 9c59270c3fd7afecdb556c50c9e8de78 -> 
  custom:audio-decoder-ogg-vorbis: bf7c407c2cedff20999df2af8eb42d56 -> 
========================================================================
Received Import Request.
  Time since last request: 1183.719700 seconds.
  path: Assets/Scenes/mainMenu.cs
  artifactKey: Guid(ea1558a4cf07d45fdafa49217ea8c229) Importer(815301076,1909f56bfc062723c751e8b465ee728b)
Start importing Assets/Scenes/mainMenu.cs using Guid(ea1558a4cf07d45fdafa49217ea8c229) Importer(815301076,1909f56bfc062723c751e8b465ee728b)  -> (artifact id: '4a30d9412d0cf9631e9d3e22402177bb') in 0.508409 seconds 
========================================================================
Received Import Request.
  Time since last request: 38.562701 seconds.
  path: Assets/Art/Sprites/UI/Menu/StartLogo.png
  artifactKey: Guid(a5ace13b550b5e54587948013cac9a8d) Importer(815301076,1909f56bfc062723c751e8b465ee728b)
Start importing Assets/Art/Sprites/UI/Menu/StartLogo.png using Guid(a5ace13b550b5e54587948013cac9a8d) Importer(815301076,1909f56bfc062723c751e8b465ee728b)  -> (artifact id: 'bea37e7eeeb56fae94cca473c4f7b2e8') in 0.895089 seconds 
========================================================================
Received Import Request.
  Time since last request: 0.000116 seconds.
  path: Assets/Art/Sprites/UI/Menu/StartMenuBackground01.tif
  artifactKey: Guid(279b37e2c51cda44380cb81a46fcb8e7) Importer(815301076,1909f56bfc062723c751e8b465ee728b)
Start importing Assets/Art/Sprites/UI/Menu/StartMenuBackground01.tif using Guid(279b37e2c51cda44380cb81a46fcb8e7) Importer(815301076,1909f56bfc062723c751e8b465ee728b)  -> (artifact id: '93eb3796d146019b157cb9c98d9d0610') in 0.854420 seconds 
========================================================================
Received Import Request.
  Time since last request: 0.000164 seconds.
  path: Assets/Art/Sprites/UI/Menu/StartMenu.png
  artifactKey: Guid(7f83de9ce1b2e9a4882fa64589108f14) Importer(815301076,1909f56bfc062723c751e8b465ee728b)
Start importing Assets/Art/Sprites/UI/Menu/StartMenu.png using Guid(7f83de9ce1b2e9a4882fa64589108f14) Importer(815301076,1909f56bfc062723c751e8b465ee728b)  -> (artifact id: '6866f1dc73524f3da25c2e3aeaf01776') in 0.321485 seconds 
========================================================================
Received Import Request.
  Time since last request: 1.735644 seconds.
  path: Assets/Art/Sprites/UI/Menu/StartMenuBackground02.png
  artifactKey: Guid(b2d7f000631eb224ab7973cb5121a591) Importer(815301076,1909f56bfc062723c751e8b465ee728b)
Start importing Assets/Art/Sprites/UI/Menu/StartMenuBackground02.png using Guid(b2d7f000631eb224ab7973cb5121a591) Importer(815301076,1909f56bfc062723c751e8b465ee728b)  -> (artifact id: '62578175478345000343dd407777c702') in 0.240356 seconds 
========================================================================
Received Import Request.
  Time since last request: 0.000125 seconds.
  path: Assets/Art/Sprites/UI/Menu/StartMenuBackground03.png
  artifactKey: Guid(8b3ef0b9ee381cb4193a7717a5131533) Importer(815301076,1909f56bfc062723c751e8b465ee728b)
Start importing Assets/Art/Sprites/UI/Menu/StartMenuBackground03.png using Guid(8b3ef0b9ee381cb4193a7717a5131533) Importer(815301076,1909f56bfc062723c751e8b465ee728b)  -> (artifact id: '8cf4b6bc6f2c071b58ea87bc016a6387') in 0.189139 seconds 
========================================================================
Received Import Request.
  Time since last request: 32.957180 seconds.
  path: Assets/Art/Materials/VFX/Ellen/StaffSwish.mat
  artifactKey: Guid(bd681034df1f1af48bbc097c72140a04) Importer(815301076,1909f56bfc062723c751e8b465ee728b)
Start importing Assets/Art/Materials/VFX/Ellen/StaffSwish.mat using Guid(bd681034df1f1af48bbc097c72140a04) Importer(815301076,1909f56bfc062723c751e8b465ee728b)  -> (artifact id: '100f5d2d7900e5b7a4605ea8947ab78a') in 0.554210 seconds 
========================================================================
Received Import Request.
  Time since last request: 0.000154 seconds.
  path: Assets/Prefabs/VFX/Ellen/StaffSwish.prefab
  artifactKey: Guid(c2ca09eb4f39b584997e1c60b92d6af9) Importer(815301076,1909f56bfc062723c751e8b465ee728b)
Start importing Assets/Prefabs/VFX/Ellen/StaffSwish.prefab using Guid(c2ca09eb4f39b584997e1c60b92d6af9) Importer(815301076,1909f56bfc062723c751e8b465ee728b)  -> (artifact id: 'ea978a89b39502ed8ffff4165a23bd09') in 0.509900 seconds 
========================================================================
Received Import Request.
  Time since last request: 0.000152 seconds.
  path: Assets/Prefabs/VFX/Ellen/StaffSwishAirborne.prefab
  artifactKey: Guid(0576e4604c516d2419ee67c0cadec118) Importer(815301076,1909f56bfc062723c751e8b465ee728b)
Start importing Assets/Prefabs/VFX/Ellen/StaffSwishAirborne.prefab using Guid(0576e4604c516d2419ee67c0cadec118) Importer(815301076,1909f56bfc062723c751e8b465ee728b)  -> (artifact id: '9e1db8b6af4a621e2ce419dff640aa5c') in 0.014822 seconds 
========================================================================
Received Import Request.
  Time since last request: 0.000116 seconds.
  path: Assets/Art/Sprites/VFX/Ellen/StaffSwish.png
  artifactKey: Guid(3034fcb51c715024b9f010d139539e13) Importer(815301076,1909f56bfc062723c751e8b465ee728b)
Start importing Assets/Art/Sprites/VFX/Ellen/StaffSwish.png using Guid(3034fcb51c715024b9f010d139539e13) Importer(815301076,1909f56bfc062723c751e8b465ee728b)  -> (artifact id: '7a16e85f41010d00e976117a151d5380') in 0.048157 seconds 
========================================================================
Received Import Request.
  Time since last request: 0.029282 seconds.
  path: Packages/com.unity.collab-proxy/Editor/PlasticSCM/Assets/Styles/SSOSignUpPanel.uss
  artifactKey: Guid(3337338cbeb79a24cba584de64190044) Importer(815301076,1909f56bfc062723c751e8b465ee728b)
Start importing Packages/com.unity.collab-proxy/Editor/PlasticSCM/Assets/Styles/SSOSignUpPanel.uss using Guid(3337338cbeb79a24cba584de64190044) Importer(815301076,1909f56bfc062723c751e8b465ee728b)  -> (artifact id: '14b65ea2a05dac9330674d92f9baf3fa') in 0.246535 seconds 
========================================================================
Received Import Request.
  Time since last request: 0.000140 seconds.
  path: Packages/com.unity.collab-proxy/Editor/PlasticSCM/Assets/Layouts/SSOSignUpPanel.uxml
  artifactKey: Guid(6dac85d7b8e76424ab582326c2cb5531) Importer(815301076,1909f56bfc062723c751e8b465ee728b)
Start importing Packages/com.unity.collab-proxy/Editor/PlasticSCM/Assets/Layouts/SSOSignUpPanel.uxml using Guid(6dac85d7b8e76424ab582326c2cb5531) Importer(815301076,1909f56bfc062723c751e8b465ee728b)  -> (artifact id: '6c56b6f990907170d2ea6827f14cb511') in 0.224911 seconds 
========================================================================
Received Import Request.
  Time since last request: 28.479327 seconds.
  path: Assets/Scenes/StartMenu.cs
  artifactKey: Guid(5f241d5709063478ab5c2a789189e504) Importer(815301076,1909f56bfc062723c751e8b465ee728b)
Start importing Assets/Scenes/StartMenu.cs using Guid(5f241d5709063478ab5c2a789189e504) Importer(815301076,1909f56bfc062723c751e8b465ee728b)  -> (artifact id: 'de11cc793894a42f28c01ce385a647c1') in 0.007811 seconds 
========================================================================
Received Prepare
Registering precompiled user dll's ...
Registered in 0.008552 seconds.
Begin MonoManager ReloadAssembly
Symbol file LoadedFromMemory doesn't match image /Users/morris/Unity Projects/Caso di Studio SV/Library/PackageCache/com.unity.visualscripting@1.7.8/Editor/VisualScripting.Core/Dependencies/DotNetZip/Unity.VisualScripting.IonicZip.dll
Symbol file LoadedFromMemory doesn't match image /Users/morris/Unity Projects/Caso di Studio SV/Library/PackageCache/com.unity.visualscripting@1.7.8/Editor/VisualScripting.Core/Dependencies/YamlDotNet/Unity.VisualScripting.YamlDotNet.dll
Native extension for WindowsStandalone target not found
Native extension for OSXStandalone target not found
Refreshing native plugins compatible for Editor in 2.54 ms, found 2 plugins.
Preloading 0 native plugins for Editor in 0.00 ms.
Mono: successfully reloaded assembly
- Completed reload, in  2.748 seconds
Domain Reload Profiling:
	ReloadAssembly (2749ms)
		BeginReloadAssembly (285ms)
			ExecutionOrderSort (0ms)
			DisableScriptedObjects (12ms)
			BackupInstance (0ms)
			ReleaseScriptingObjects (0ms)
			CreateAndSetChildDomain (135ms)
		EndReloadAssembly (2178ms)
			LoadAssemblies (160ms)
			RebuildTransferFunctionScriptingTraits (0ms)
			SetupTypeCache (707ms)
			ReleaseScriptCaches (3ms)
			RebuildScriptCaches (110ms)
			SetupLoadedEditorAssemblies (1109ms)
				LogAssemblyErrors (0ms)
				InitializePlatformSupportModulesInManaged (19ms)
				SetLoadedEditorAssemblies (1ms)
				RefreshPlugins (3ms)
				BeforeProcessingInitializeOnLoad (159ms)
				ProcessInitializeOnLoadAttributes (580ms)
				ProcessInitializeOnLoadMethodAttributes (343ms)
				AfterProcessingInitializeOnLoad (3ms)
				EditorAssembliesLoaded (0ms)
			ExecutionOrderSort2 (0ms)
			AwakeInstancesAfterBackupRestoration (9ms)
Platform modules already initialized, skipping
Refreshing native plugins compatible for Editor in 6.14 ms, found 2 plugins.
Preloading 0 native plugins for Editor in 0.00 ms.
Unloading 6051 Unused Serialized files (Serialized files now loaded: 0)
Unloading 79 unused Assets / (2.0 MB). Loaded Objects now: 6695.
Memory consumption went from 402.3 MB to 400.3 MB.
Total: 11.871668 ms (FindLiveObjects: 0.605027 ms CreateObjectMapping: 0.346968 ms MarkObjects: 9.820791 ms  DeleteObjects: 1.096390 ms)

AssetImportParameters requested are different than current active one (requested -> active):
  custom:video-decoder-ogg-theora: a1e56fd34408186e4bbccfd4996cb3dc -> 
  custom:container-muxer-webm: aa71ff27fc2769a1b78a27578f13a17b -> 
  custom:container-demuxer-webm: 4f35f7cbe854078d1ac9338744f61a02 -> 
  custom:video-encoder-webm-vp8: eb34c28f22e8b96e1ab97ce403110664 -> 
  custom:framework-osx-AVFoundation: b23960f63f64bdc6ff669e2cdcee2391 -> 
  custom:audio-encoder-webm-vorbis: bf7c407c2cedff20999df2af8eb42d56 -> 
  custom:container-demuxer-ogg: 62fdf1f143b41e24485cea50d1cbac27 -> 
  custom:video-decoder-webm-vp8: 9c59270c3fd7afecdb556c50c9e8de78 -> 
  custom:audio-decoder-ogg-vorbis: bf7c407c2cedff20999df2af8eb42d56 -> 
========================================================================
Received Prepare
Refreshing native plugins compatible for Editor in 15.21 ms, found 2 plugins.
Preloading 0 native plugins for Editor in 0.00 ms.
Unloading 78 Unused Serialized files (Serialized files now loaded: 0)
Unloading 78 unused Assets / (2.0 MB). Loaded Objects now: 6695.
Memory consumption went from 281.1 MB to 279.0 MB.
Total: 13.487584 ms (FindLiveObjects: 0.633162 ms CreateObjectMapping: 0.637642 ms MarkObjects: 11.060481 ms  DeleteObjects: 1.154014 ms)

AssetImportParameters requested are different than current active one (requested -> active):
  custom:video-decoder-ogg-theora: a1e56fd34408186e4bbccfd4996cb3dc -> 
  custom:container-muxer-webm: aa71ff27fc2769a1b78a27578f13a17b -> 
  custom:container-demuxer-webm: 4f35f7cbe854078d1ac9338744f61a02 -> 
  custom:video-encoder-webm-vp8: eb34c28f22e8b96e1ab97ce403110664 -> 
  custom:framework-osx-AVFoundation: b23960f63f64bdc6ff669e2cdcee2391 -> 
  custom:audio-encoder-webm-vorbis: bf7c407c2cedff20999df2af8eb42d56 -> 
  custom:container-demuxer-ogg: 62fdf1f143b41e24485cea50d1cbac27 -> 
  custom:video-decoder-webm-vp8: 9c59270c3fd7afecdb556c50c9e8de78 -> 
  custom:audio-decoder-ogg-vorbis: bf7c407c2cedff20999df2af8eb42d56 -> 
========================================================================
Received Import Request.
  Time since last request: 719.806308 seconds.
  path: Assets/Utilities/DefaultPlayables
  artifactKey: Guid(6c3e3d86d51c7ec44b10953420b8da2b) Importer(815301076,1909f56bfc062723c751e8b465ee728b)
Start importing Assets/Utilities/DefaultPlayables using Guid(6c3e3d86d51c7ec44b10953420b8da2b) Importer(815301076,1909f56bfc062723c751e8b465ee728b)  -> (artifact id: '8999adcca9d179b41c4a8995aace3ddf') in 0.006340 seconds 
========================================================================
Received Import Request.
  Time since last request: 104.416040 seconds.
  path: Assets/Scripts/Utility/LocalTransformDuplicator.cs
  artifactKey: Guid(c4d9699bfa3f2d341a0e36423504e110) Importer(815301076,1909f56bfc062723c751e8b465ee728b)
Start importing Assets/Scripts/Utility/LocalTransformDuplicator.cs using Guid(c4d9699bfa3f2d341a0e36423504e110) Importer(815301076,1909f56bfc062723c751e8b465ee728b)  -> (artifact id: 'f4ca5d1dd999879289cf9c979a29ab7c') in 0.003994 seconds 
========================================================================
Received Import Request.
  Time since last request: 1.520059 seconds.
  path: Assets/Scripts/Utility/OpenURL.cs
  artifactKey: Guid(4a285a926a0cd654280fc5b842d63c0a) Importer(815301076,1909f56bfc062723c751e8b465ee728b)
Start importing Assets/Scripts/Utility/OpenURL.cs using Guid(4a285a926a0cd654280fc5b842d63c0a) Importer(815301076,1909f56bfc062723c751e8b465ee728b)  -> (artifact id: 'adc0bee0d112c8abe8f1b06dc60a752a') in 0.003006 seconds 
========================================================================
Received Import Request.
  Time since last request: 68.028605 seconds.
  path: Assets/Audio/Interactables/HealthPickup.ogg
  artifactKey: Guid(8d331b50969371c4db3319a915ef2cad) Importer(815301076,1909f56bfc062723c751e8b465ee728b)
Start importing Assets/Audio/Interactables/HealthPickup.ogg using Guid(8d331b50969371c4db3319a915ef2cad) Importer(815301076,1909f56bfc062723c751e8b465ee728b)  -> (artifact id: 'af97025cafedd5b565f74417ef1c8957') in 0.702562 seconds 
========================================================================
Received Import Request.
  Time since last request: 0.000110 seconds.
  path: Assets/TutorialInfo/Icons/Help_Icon.png
  artifactKey: Guid(a186f8a87ca4f4d3aa864638ad5dfb65) Importer(815301076,1909f56bfc062723c751e8b465ee728b)
Start importing Assets/TutorialInfo/Icons/Help_Icon.png using Guid(a186f8a87ca4f4d3aa864638ad5dfb65) Importer(815301076,1909f56bfc062723c751e8b465ee728b)  -> (artifact id: '494b3b12c66e79fe404ca4ec7ee5eebc') in 0.031104 seconds 
========================================================================
Received Prepare
Registering precompiled user dll's ...
Registered in 0.007501 seconds.
Begin MonoManager ReloadAssembly
Symbol file LoadedFromMemory doesn't match image /Users/morris/Unity Projects/Caso di Studio SV/Library/PackageCache/com.unity.visualscripting@1.7.8/Editor/VisualScripting.Core/Dependencies/DotNetZip/Unity.VisualScripting.IonicZip.dll
Symbol file LoadedFromMemory doesn't match image /Users/morris/Unity Projects/Caso di Studio SV/Library/PackageCache/com.unity.visualscripting@1.7.8/Editor/VisualScripting.Core/Dependencies/YamlDotNet/Unity.VisualScripting.YamlDotNet.dll
Native extension for WindowsStandalone target not found
Native extension for OSXStandalone target not found
Refreshing native plugins compatible for Editor in 2.00 ms, found 2 plugins.
Preloading 0 native plugins for Editor in 0.00 ms.
Mono: successfully reloaded assembly
- Completed reload, in  2.643 seconds
Domain Reload Profiling:
	ReloadAssembly (2645ms)
		BeginReloadAssembly (267ms)
			ExecutionOrderSort (0ms)
			DisableScriptedObjects (12ms)
			BackupInstance (0ms)
			ReleaseScriptingObjects (0ms)
			CreateAndSetChildDomain (125ms)
		EndReloadAssembly (2160ms)
			LoadAssemblies (142ms)
			RebuildTransferFunctionScriptingTraits (0ms)
			SetupTypeCache (689ms)
			ReleaseScriptCaches (3ms)
			RebuildScriptCaches (133ms)
			SetupLoadedEditorAssemblies (1110ms)
				LogAssemblyErrors (0ms)
				InitializePlatformSupportModulesInManaged (18ms)
				SetLoadedEditorAssemblies (1ms)
				RefreshPlugins (2ms)
				BeforeProcessingInitializeOnLoad (145ms)
				ProcessInitializeOnLoadAttributes (596ms)
				ProcessInitializeOnLoadMethodAttributes (345ms)
				AfterProcessingInitializeOnLoad (3ms)
				EditorAssembliesLoaded (0ms)
			ExecutionOrderSort2 (0ms)
			AwakeInstancesAfterBackupRestoration (11ms)
Platform modules already initialized, skipping
Refreshing native plugins compatible for Editor in 7.86 ms, found 2 plugins.
Preloading 0 native plugins for Editor in 0.00 ms.
Unloading 6049 Unused Serialized files (Serialized files now loaded: 0)
Unloading 79 unused Assets / (2.1 MB). Loaded Objects now: 6712.
Memory consumption went from 406.7 MB to 404.7 MB.
Total: 12.189541 ms (FindLiveObjects: 0.630395 ms CreateObjectMapping: 0.359587 ms MarkObjects: 10.320651 ms  DeleteObjects: 0.877027 ms)

AssetImportParameters requested are different than current active one (requested -> active):
  custom:video-decoder-ogg-theora: a1e56fd34408186e4bbccfd4996cb3dc -> 
  custom:container-muxer-webm: aa71ff27fc2769a1b78a27578f13a17b -> 
  custom:container-demuxer-webm: 4f35f7cbe854078d1ac9338744f61a02 -> 
  custom:video-encoder-webm-vp8: eb34c28f22e8b96e1ab97ce403110664 -> 
  custom:framework-osx-AVFoundation: b23960f63f64bdc6ff669e2cdcee2391 -> 
  custom:audio-encoder-webm-vorbis: bf7c407c2cedff20999df2af8eb42d56 -> 
  custom:container-demuxer-ogg: 62fdf1f143b41e24485cea50d1cbac27 -> 
  custom:video-decoder-webm-vp8: 9c59270c3fd7afecdb556c50c9e8de78 -> 
  custom:audio-decoder-ogg-vorbis: bf7c407c2cedff20999df2af8eb42d56 -> 
========================================================================
Received Import Request.
  Time since last request: 152.869562 seconds.
  path: Assets/Scripts/Character/Editor
  artifactKey: Guid(e163874e7c6f23c468ea900e1dbd59aa) Importer(815301076,1909f56bfc062723c751e8b465ee728b)
Start importing Assets/Scripts/Character/Editor using Guid(e163874e7c6f23c468ea900e1dbd59aa) Importer(815301076,1909f56bfc062723c751e8b465ee728b)  -> (artifact id: 'd84e0c84542f90fe27af7e1b98aa1374') in 0.025687 seconds 
========================================================================
Received Import Request.
  Time since last request: 0.909605 seconds.
  path: Assets/Scripts/Character/Editor/DamageableEditor.cs
  artifactKey: Guid(b7233221ef3c3cb469db7a5dfc92588f) Importer(815301076,1909f56bfc062723c751e8b465ee728b)
Start importing Assets/Scripts/Character/Editor/DamageableEditor.cs using Guid(b7233221ef3c3cb469db7a5dfc92588f) Importer(815301076,1909f56bfc062723c751e8b465ee728b)  -> (artifact id: '651879bf08ef905d39805197bc59ac1b') in 0.006891 seconds 
========================================================================
Received Prepare
Registering precompiled user dll's ...
Registered in 0.006958 seconds.
Begin MonoManager ReloadAssembly
Symbol file LoadedFromMemory doesn't match image /Users/morris/Unity Projects/Caso di Studio SV/Library/PackageCache/com.unity.visualscripting@1.7.8/Editor/VisualScripting.Core/Dependencies/DotNetZip/Unity.VisualScripting.IonicZip.dll
Symbol file LoadedFromMemory doesn't match image /Users/morris/Unity Projects/Caso di Studio SV/Library/PackageCache/com.unity.visualscripting@1.7.8/Editor/VisualScripting.Core/Dependencies/YamlDotNet/Unity.VisualScripting.YamlDotNet.dll
Native extension for WindowsStandalone target not found
Native extension for OSXStandalone target not found
Refreshing native plugins compatible for Editor in 4.63 ms, found 2 plugins.
Preloading 0 native plugins for Editor in 0.00 ms.
Mono: successfully reloaded assembly
- Completed reload, in  3.509 seconds
Domain Reload Profiling:
	ReloadAssembly (3511ms)
		BeginReloadAssembly (276ms)
			ExecutionOrderSort (0ms)
			DisableScriptedObjects (12ms)
			BackupInstance (0ms)
			ReleaseScriptingObjects (0ms)
			CreateAndSetChildDomain (130ms)
		EndReloadAssembly (3019ms)
			LoadAssemblies (155ms)
			RebuildTransferFunctionScriptingTraits (0ms)
			SetupTypeCache (718ms)
			ReleaseScriptCaches (4ms)
			RebuildScriptCaches (202ms)
			SetupLoadedEditorAssemblies (1737ms)
				LogAssemblyErrors (0ms)
				InitializePlatformSupportModulesInManaged (33ms)
				SetLoadedEditorAssemblies (2ms)
				RefreshPlugins (5ms)
				BeforeProcessingInitializeOnLoad (221ms)
				ProcessInitializeOnLoadAttributes (887ms)
				ProcessInitializeOnLoadMethodAttributes (584ms)
				AfterProcessingInitializeOnLoad (4ms)
				EditorAssembliesLoaded (1ms)
			ExecutionOrderSort2 (0ms)
			AwakeInstancesAfterBackupRestoration (14ms)
Platform modules already initialized, skipping
Refreshing native plugins compatible for Editor in 11.43 ms, found 2 plugins.
Preloading 0 native plugins for Editor in 0.00 ms.
Unloading 6049 Unused Serialized files (Serialized files now loaded: 0)
Unloading 78 unused Assets / (2.0 MB). Loaded Objects now: 6727.
Memory consumption went from 407.0 MB to 404.9 MB.
Total: 21.053629 ms (FindLiveObjects: 1.109061 ms CreateObjectMapping: 1.744115 ms MarkObjects: 16.194707 ms  DeleteObjects: 2.002923 ms)

AssetImportParameters requested are different than current active one (requested -> active):
  custom:video-decoder-ogg-theora: a1e56fd34408186e4bbccfd4996cb3dc -> 
  custom:container-muxer-webm: aa71ff27fc2769a1b78a27578f13a17b -> 
  custom:container-demuxer-webm: 4f35f7cbe854078d1ac9338744f61a02 -> 
  custom:video-encoder-webm-vp8: eb34c28f22e8b96e1ab97ce403110664 -> 
  custom:framework-osx-AVFoundation: b23960f63f64bdc6ff669e2cdcee2391 -> 
  custom:audio-encoder-webm-vorbis: bf7c407c2cedff20999df2af8eb42d56 -> 
  custom:container-demuxer-ogg: 62fdf1f143b41e24485cea50d1cbac27 -> 
  custom:video-decoder-webm-vp8: 9c59270c3fd7afecdb556c50c9e8de78 -> 
  custom:audio-decoder-ogg-vorbis: bf7c407c2cedff20999df2af8eb42d56 -> 
========================================================================
Received Import Request.
  Time since last request: 452.125968 seconds.
  path: Assets/Prefabs/Ellen.prefab
  artifactKey: Guid(73360cdb4e1e7ed4897690f9d57fd0eb) Importer(815301076,1909f56bfc062723c751e8b465ee728b)
Start importing Assets/Prefabs/Ellen.prefab using Guid(73360cdb4e1e7ed4897690f9d57fd0eb) Importer(815301076,1909f56bfc062723c751e8b465ee728b)  -> (artifact id: '89ef4536994fe27376638c838748a4c5') in 1.104694 seconds 
========================================================================
Received Import Request.
  Time since last request: 105.264322 seconds.
  path: Assets/Prefabs/Enemies/Chomper.prefab
  artifactKey: Guid(9a2f32836e0e10248b425c273622a735) Importer(815301076,1909f56bfc062723c751e8b465ee728b)
Start importing Assets/Prefabs/Enemies/Chomper.prefab using Guid(9a2f32836e0e10248b425c273622a735) Importer(815301076,1909f56bfc062723c751e8b465ee728b)  -> (artifact id: '0a709e94645bdc41f8e2774ce3272496') in 0.164115 seconds 
========================================================================
Received Import Request.
  Time since last request: 0.000113 seconds.
  path: Assets/Prefabs/Enemies/Spitter.prefab
  artifactKey: Guid(6fc2e0a5f8f54a7499632d26ee58a344) Importer(815301076,1909f56bfc062723c751e8b465ee728b)
Start importing Assets/Prefabs/Enemies/Spitter.prefab using Guid(6fc2e0a5f8f54a7499632d26ee58a344) Importer(815301076,1909f56bfc062723c751e8b465ee728b)  -> (artifact id: '84f03d65b4bba2553acce855172c6694') in 0.122785 seconds 
========================================================================
Received Import Request.
  Time since last request: 0.876820 seconds.
  path: Assets/Prefabs/Environment/Acid.prefab
  artifactKey: Guid(3aa03ae1689a947448e3ea2b622614f1) Importer(815301076,1909f56bfc062723c751e8b465ee728b)
Start importing Assets/Prefabs/Environment/Acid.prefab using Guid(3aa03ae1689a947448e3ea2b622614f1) Importer(815301076,1909f56bfc062723c751e8b465ee728b)  -> (artifact id: '324b5815434fc410b8b92ac5392d19f9') in 0.055991 seconds 
========================================================================
Received Import Request.
  Time since last request: 0.000288 seconds.
  path: Assets/Prefabs/Environment/Spikes.prefab
  artifactKey: Guid(4ff9f7a332b4ae44bb62aaee6eacc033) Importer(815301076,1909f56bfc062723c751e8b465ee728b)
Start importing Assets/Prefabs/Environment/Spikes.prefab using Guid(4ff9f7a332b4ae44bb62aaee6eacc033) Importer(815301076,1909f56bfc062723c751e8b465ee728b)  -> (artifact id: '35e0dac8b4f5985eefdb606003b6f1cc') in 0.113947 seconds 
========================================================================
Received Import Request.
  Time since last request: 1.081002 seconds.
  path: Assets/Prefabs/Interactables/Bridge.prefab
  artifactKey: Guid(a895c7cedf6851f4380f2a35df8d219a) Importer(815301076,1909f56bfc062723c751e8b465ee728b)
Start importing Assets/Prefabs/Interactables/Bridge.prefab using Guid(a895c7cedf6851f4380f2a35df8d219a) Importer(815301076,1909f56bfc062723c751e8b465ee728b)  -> (artifact id: '351c0ece7ce27763a180bf2efb68e437') in 0.021504 seconds 
========================================================================
Received Import Request.
  Time since last request: 0.000220 seconds.
  path: Assets/Prefabs/Interactables/PassThroughPlatform.prefab
  artifactKey: Guid(e89d55dfb0b7bab4dac674275ef32613) Importer(815301076,1909f56bfc062723c751e8b465ee728b)
Start importing Assets/Prefabs/Interactables/PassThroughPlatform.prefab using Guid(e89d55dfb0b7bab4dac674275ef32613) Importer(815301076,1909f56bfc062723c751e8b465ee728b)  -> (artifact id: '89ebfcf209aba4e41f8300f6b00ac24a') in 0.027123 seconds 
========================================================================
Received Import Request.
  Time since last request: 0.000094 seconds.
  path: Assets/Prefabs/Interactables/MovingPlatformlong.prefab
  artifactKey: Guid(75c2b6a66ee2dfe4b9f818176a33f456) Importer(815301076,1909f56bfc062723c751e8b465ee728b)
Start importing Assets/Prefabs/Interactables/MovingPlatformlong.prefab using Guid(75c2b6a66ee2dfe4b9f818176a33f456) Importer(815301076,1909f56bfc062723c751e8b465ee728b)  -> (artifact id: 'df4597eccc419d2c8d545000189cdc18') in 0.026189 seconds 
========================================================================
Received Import Request.
  Time since last request: 0.000101 seconds.
  path: Assets/Prefabs/Interactables/Key.prefab
  artifactKey: Guid(93f15056a62b79346aafa55805de2b33) Importer(815301076,1909f56bfc062723c751e8b465ee728b)
Start importing Assets/Prefabs/Interactables/Key.prefab using Guid(93f15056a62b79346aafa55805de2b33) Importer(815301076,1909f56bfc062723c751e8b465ee728b)  -> (artifact id: 'c4ff053649e675da1a251101006db065') in 0.051413 seconds 
========================================================================
Received Import Request.
  Time since last request: 0.000133 seconds.
  path: Assets/Prefabs/Interactables/InfoPost.prefab
  artifactKey: Guid(6bc0b2bb61623f94aa335ee8a769a8f9) Importer(815301076,1909f56bfc062723c751e8b465ee728b)
Start importing Assets/Prefabs/Interactables/InfoPost.prefab using Guid(6bc0b2bb61623f94aa335ee8a769a8f9) Importer(815301076,1909f56bfc062723c751e8b465ee728b)  -> (artifact id: '42f82e470a37ea7ab5de138a4a2e2154') in 0.034383 seconds 
========================================================================
Received Import Request.
  Time since last request: 0.000106 seconds.
  path: Assets/Prefabs/Interactables/Door.prefab
  artifactKey: Guid(d3dff3eb072b76f4daa75549e62b7bda) Importer(815301076,1909f56bfc062723c751e8b465ee728b)
Start importing Assets/Prefabs/Interactables/Door.prefab using Guid(d3dff3eb072b76f4daa75549e62b7bda) Importer(815301076,1909f56bfc062723c751e8b465ee728b)  -> (artifact id: 'efc01e185f080e82286a0fa5065ca3c9') in 0.052603 seconds 
========================================================================
Received Import Request.
  Time since last request: 0.000101 seconds.
  path: Assets/Prefabs/Interactables/MovingPlatform.prefab
  artifactKey: Guid(f9663778c0da693408f8cf4c13bc051a) Importer(815301076,1909f56bfc062723c751e8b465ee728b)
Start importing Assets/Prefabs/Interactables/MovingPlatform.prefab using Guid(f9663778c0da693408f8cf4c13bc051a) Importer(815301076,1909f56bfc062723c751e8b465ee728b)  -> (artifact id: '6f0777f44d438ebe14da11f955761edd') in 0.032459 seconds 
========================================================================
Received Import Request.
  Time since last request: 0.000218 seconds.
  path: Assets/Prefabs/Interactables/PressurePad.prefab
  artifactKey: Guid(daebb73bab52a3b4d8eab37c26a8a62f) Importer(815301076,1909f56bfc062723c751e8b465ee728b)
Start importing Assets/Prefabs/Interactables/PressurePad.prefab using Guid(daebb73bab52a3b4d8eab37c26a8a62f) Importer(815301076,1909f56bfc062723c751e8b465ee728b)  -> (artifact id: '65d1563e80e7bc6989963e8352913b92') in 0.033563 seconds 
========================================================================
Received Import Request.
  Time since last request: 0.000084 seconds.
  path: Assets/Prefabs/Interactables/DestructableColumn.prefab
  artifactKey: Guid(c57359a20b483084f9310f1d0b46f64a) Importer(815301076,1909f56bfc062723c751e8b465ee728b)
Start importing Assets/Prefabs/Interactables/DestructableColumn.prefab using Guid(c57359a20b483084f9310f1d0b46f64a) Importer(815301076,1909f56bfc062723c751e8b465ee728b)  -> (artifact id: 'e4b05cd9a19d13a3786139cf43a6212b') in 0.045376 seconds 
========================================================================
Received Import Request.
  Time since last request: 0.000091 seconds.
  path: Assets/Prefabs/Interactables/HealthPickup.prefab
  artifactKey: Guid(6ce14eb040a43734b9fb27d9a62d91ee) Importer(815301076,1909f56bfc062723c751e8b465ee728b)
Start importing Assets/Prefabs/Interactables/HealthPickup.prefab using Guid(6ce14eb040a43734b9fb27d9a62d91ee) Importer(815301076,1909f56bfc062723c751e8b465ee728b)  -> (artifact id: '55a611729a555be11610c9ca87a3ff61') in 0.041270 seconds 
========================================================================
Received Import Request.
  Time since last request: 0.000105 seconds.
  path: Assets/Prefabs/Interactables/DestructableWall.prefab
  artifactKey: Guid(34e51d4f11580144b99436db7c78b5dd) Importer(815301076,1909f56bfc062723c751e8b465ee728b)
Start importing Assets/Prefabs/Interactables/DestructableWall.prefab using Guid(34e51d4f11580144b99436db7c78b5dd) Importer(815301076,1909f56bfc062723c751e8b465ee728b)  -> (artifact id: '446c88c83ea9dfd33307e30f2035c311') in 0.042731 seconds 
========================================================================
Received Import Request.
  Time since last request: 0.000121 seconds.
  path: Assets/Prefabs/Interactables/PushableBox.prefab
  artifactKey: Guid(afbffe7f4d780a848bb3211bd9c32278) Importer(815301076,1909f56bfc062723c751e8b465ee728b)
Start importing Assets/Prefabs/Interactables/PushableBox.prefab using Guid(afbffe7f4d780a848bb3211bd9c32278) Importer(815301076,1909f56bfc062723c751e8b465ee728b)  -> (artifact id: '7816e24e88e2d1251240b58e5d00850f') in 0.032058 seconds 
========================================================================
Received Import Request.
  Time since last request: 0.000100 seconds.
  path: Assets/Prefabs/Interactables/Teleporter.prefab
  artifactKey: Guid(ea040a76895f65745899f41e3dff6aeb) Importer(815301076,1909f56bfc062723c751e8b465ee728b)
Start importing Assets/Prefabs/Interactables/Teleporter.prefab using Guid(ea040a76895f65745899f41e3dff6aeb) Importer(815301076,1909f56bfc062723c751e8b465ee728b)  -> (artifact id: '710a6cf2dadf5a791797f1474c0efe15') in 0.119261 seconds 
========================================================================
Received Import Request.
  Time since last request: 0.000117 seconds.
  path: Assets/Prefabs/Interactables/SingleUseSwitch.prefab
  artifactKey: Guid(7da6a32167f5e2948a425959d1ea2014) Importer(815301076,1909f56bfc062723c751e8b465ee728b)
Start importing Assets/Prefabs/Interactables/SingleUseSwitch.prefab using Guid(7da6a32167f5e2948a425959d1ea2014) Importer(815301076,1909f56bfc062723c751e8b465ee728b)  -> (artifact id: '4f659e8e1bc7645420bff1d92650d45d') in 0.035450 seconds 
========================================================================
Received Import Request.
  Time since last request: 0.000097 seconds.
  path: Assets/Prefabs/Interactables/ReusableSwitch.prefab
  artifactKey: Guid(40cc899f594768746b6d70b3f2530c2e) Importer(815301076,1909f56bfc062723c751e8b465ee728b)
Start importing Assets/Prefabs/Interactables/ReusableSwitch.prefab using Guid(40cc899f594768746b6d70b3f2530c2e) Importer(815301076,1909f56bfc062723c751e8b465ee728b)  -> (artifact id: '6952f52f7cc20a383e810c901d1a47b2') in 0.023974 seconds 
========================================================================
Received Import Request.
  Time since last request: 0.000108 seconds.
  path: Assets/Prefabs/Interactables/PassThroughPlatformLong.prefab
  artifactKey: Guid(599bf135fc0648043bfa32dcd1e26d86) Importer(815301076,1909f56bfc062723c751e8b465ee728b)
Start importing Assets/Prefabs/Interactables/PassThroughPlatformLong.prefab using Guid(599bf135fc0648043bfa32dcd1e26d86) Importer(815301076,1909f56bfc062723c751e8b465ee728b)  -> (artifact id: 'b84bc4bde2e4ed74276424c029c36b45') in 0.018130 seconds 
========================================================================
Received Import Request.
  Time since last request: 52.911331 seconds.
  path: Assets/Audio/Ellen/Speech/1stInfoPoint01.ogg
  artifactKey: Guid(3508c31c409dd5b48b718b983428ec7c) Importer(815301076,1909f56bfc062723c751e8b465ee728b)
Start importing Assets/Audio/Ellen/Speech/1stInfoPoint01.ogg using Guid(3508c31c409dd5b48b718b983428ec7c) Importer(815301076,1909f56bfc062723c751e8b465ee728b)  -> (artifact id: 'f831f106e1ca6a76b8e6e004aaa0a975') in 0.026839 seconds 
========================================================================
Received Import Request.
  Time since last request: 0.000124 seconds.
  path: Assets/Audio/Ellen/Speech/2ndInfoPoint01.ogg
  artifactKey: Guid(c5e2735077e1fcb44bc949c68d491de6) Importer(815301076,1909f56bfc062723c751e8b465ee728b)
Start importing Assets/Audio/Ellen/Speech/2ndInfoPoint01.ogg using Guid(c5e2735077e1fcb44bc949c68d491de6) Importer(815301076,1909f56bfc062723c751e8b465ee728b)  -> (artifact id: '194fcb72af6feef6971fdfd146641109') in 0.027193 seconds 
========================================================================
Received Import Request.
  Time since last request: 0.000112 seconds.
  path: Assets/Audio/Ellen/Speech/3rdInfoPoint02.ogg
  artifactKey: Guid(238cbc2c7bf8e8c418c2a4ff21d05403) Importer(815301076,1909f56bfc062723c751e8b465ee728b)
Start importing Assets/Audio/Ellen/Speech/3rdInfoPoint02.ogg using Guid(238cbc2c7bf8e8c418c2a4ff21d05403) Importer(815301076,1909f56bfc062723c751e8b465ee728b)  -> (artifact id: '4a0395518dd22fbb75f558555e0f3973') in 0.031628 seconds 
========================================================================
Received Import Request.
  Time since last request: 0.000134 seconds.
  path: Assets/Audio/Ellen/Speech/1stInfoPoint02.ogg
  artifactKey: Guid(d1ee323d49788f5498c564a3da6a5a8e) Importer(815301076,1909f56bfc062723c751e8b465ee728b)
Start importing Assets/Audio/Ellen/Speech/1stInfoPoint02.ogg using Guid(d1ee323d49788f5498c564a3da6a5a8e) Importer(815301076,1909f56bfc062723c751e8b465ee728b)  -> (artifact id: '66e92f9f40dd367b71822eea82977849') in 0.024543 seconds 
========================================================================
Received Import Request.
  Time since last request: 0.000127 seconds.
  path: Packages/com.unity.cinemachine/Presets/Noise/6D Wobble.asset
  artifactKey: Guid(e9ce97b7a206dc64d90931ea044e0c72) Importer(815301076,1909f56bfc062723c751e8b465ee728b)
Start importing Packages/com.unity.cinemachine/Presets/Noise/6D Wobble.asset using Guid(e9ce97b7a206dc64d90931ea044e0c72) Importer(815301076,1909f56bfc062723c751e8b465ee728b)  -> (artifact id: 'b4e8bb3e61df640e58b48f4928b35bbd') in 0.509444 seconds 
========================================================================
Received Import Request.
  Time since last request: 0.000173 seconds.
  path: Assets/Audio/Ellen/Speech/3rdInfoPoint01.ogg
  artifactKey: Guid(60795f46ceff1d34283b0349f0705a72) Importer(815301076,1909f56bfc062723c751e8b465ee728b)
Start importing Assets/Audio/Ellen/Speech/3rdInfoPoint01.ogg using Guid(60795f46ceff1d34283b0349f0705a72) Importer(815301076,1909f56bfc062723c751e8b465ee728b)  -> (artifact id: '273ab86dd95a3dc5b297aefdf5442351') in 0.014751 seconds 
========================================================================
Received Import Request.
  Time since last request: 0.000126 seconds.
  path: Packages/com.unity.cinemachine/Presets/Noise/6D Shake.asset
  artifactKey: Guid(69ce8388f6785dd4c8c39915efece2f4) Importer(815301076,1909f56bfc062723c751e8b465ee728b)
Start importing Packages/com.unity.cinemachine/Presets/Noise/6D Shake.asset using Guid(69ce8388f6785dd4c8c39915efece2f4) Importer(815301076,1909f56bfc062723c751e8b465ee728b)  -> (artifact id: 'c9b8a4fb61fda425a3dd6b261d65b8a4') in 0.005446 seconds 
========================================================================
Received Import Request.
  Time since last request: 0.000114 seconds.
  path: Assets/Audio/Ellen/Speech/2ndInfoPoint02.ogg
  artifactKey: Guid(88b4c1455b93da647be238d44b98186e) Importer(815301076,1909f56bfc062723c751e8b465ee728b)
Start importing Assets/Audio/Ellen/Speech/2ndInfoPoint02.ogg using Guid(88b4c1455b93da647be238d44b98186e) Importer(815301076,1909f56bfc062723c751e8b465ee728b)  -> (artifact id: 'dc582c8058c9544b11edf384d3f1bf3f') in 0.012985 seconds 
========================================================================
Received Import Request.
  Time since last request: 28.928525 seconds.
  path: Assets/Art/Sprites/UI/HUD/BossHealth.png
  artifactKey: Guid(2a305122cc204a041804db2417ad3ac2) Importer(815301076,1909f56bfc062723c751e8b465ee728b)
Start importing Assets/Art/Sprites/UI/HUD/BossHealth.png using Guid(2a305122cc204a041804db2417ad3ac2) Importer(815301076,1909f56bfc062723c751e8b465ee728b)  -> (artifact id: 'af97143b3811d51f61faf6dbbb6efaaf') in 0.143114 seconds 
========================================================================
Received Import Request.
  Time since last request: 7.706273 seconds.
  path: Assets/Art/Sprites/UI/HUD/EllenHealth.png
  artifactKey: Guid(fc49794cc535bef4f969645c4eb97b80) Importer(815301076,1909f56bfc062723c751e8b465ee728b)
Start importing Assets/Art/Sprites/UI/HUD/EllenHealth.png using Guid(fc49794cc535bef4f969645c4eb97b80) Importer(815301076,1909f56bfc062723c751e8b465ee728b)  -> (artifact id: '3591c9613d1470868186e250f765c3d1') in 0.138886 seconds 
========================================================================
Received Import Request.
  Time since last request: 10.509631 seconds.
  path: Assets/Art/Sprites/UI/HUD/BossShield.png
  artifactKey: Guid(d9c54273056f7d943920c5257c20b75f) Importer(815301076,1909f56bfc062723c751e8b465ee728b)
Start importing Assets/Art/Sprites/UI/HUD/BossShield.png using Guid(d9c54273056f7d943920c5257c20b75f) Importer(815301076,1909f56bfc062723c751e8b465ee728b)  -> (artifact id: 'c13a5efa29121b74c6ac7cc525f2cd48') in 0.121395 seconds 
========================================================================
Received Import Request.
  Time since last request: 3.011622 seconds.
  path: Assets/Art/Sprites/AnimatedSprites/Enemies/Gunner/Cutscene/Character/Gunner_INTRO_BOSSONLY_00000.png
  artifactKey: Guid(869aa777301c2234682258580e481bfa) Importer(815301076,1909f56bfc062723c751e8b465ee728b)
Start importing Assets/Art/Sprites/AnimatedSprites/Enemies/Gunner/Cutscene/Character/Gunner_INTRO_BOSSONLY_00000.png using Guid(869aa777301c2234682258580e481bfa) Importer(815301076,1909f56bfc062723c751e8b465ee728b)  -> (artifact id: '1e121efcaa9d195b9f179481a82a6c9b') in 0.371486 seconds 
========================================================================
Received Import Request.
  Time since last request: 2.560592 seconds.
  path: Assets/Art/Sprites/AnimatedSprites/Enemies/Gunner/Cutscene/Character/Gunner_INTRO_BOSSONLY_00001.png
  artifactKey: Guid(b88cf9745fe76974cab268da9a733ac6) Importer(815301076,1909f56bfc062723c751e8b465ee728b)
Start importing Assets/Art/Sprites/AnimatedSprites/Enemies/Gunner/Cutscene/Character/Gunner_INTRO_BOSSONLY_00001.png using Guid(b88cf9745fe76974cab268da9a733ac6) Importer(815301076,1909f56bfc062723c751e8b465ee728b)  -> (artifact id: 'e1f345aafc8f72903dbdb687eb38ac1f') in 0.424264 seconds 
========================================================================
Received Import Request.
  Time since last request: 0.000181 seconds.
  path: Assets/Art/Sprites/AnimatedSprites/Enemies/Gunner/Cutscene/Character/Gunner_INTRO_BOSSONLY_00002.png
  artifactKey: Guid(32c26e2074292404e8e05d2a05aba232) Importer(815301076,1909f56bfc062723c751e8b465ee728b)
Start importing Assets/Art/Sprites/AnimatedSprites/Enemies/Gunner/Cutscene/Character/Gunner_INTRO_BOSSONLY_00002.png using Guid(32c26e2074292404e8e05d2a05aba232) Importer(815301076,1909f56bfc062723c751e8b465ee728b)  -> (artifact id: 'e8f8e0d5c50759ee107cf6d61e6c1933') in 0.368457 seconds 
========================================================================
Received Import Request.
  Time since last request: 0.000116 seconds.
  path: Assets/Art/Sprites/AnimatedSprites/Enemies/Gunner/Cutscene/Character/Gunner_INTRO_BOSSONLY_00003.png
  artifactKey: Guid(deb40bea941e8de4c92c4aa853d92979) Importer(815301076,1909f56bfc062723c751e8b465ee728b)
Start importing Assets/Art/Sprites/AnimatedSprites/Enemies/Gunner/Cutscene/Character/Gunner_INTRO_BOSSONLY_00003.png using Guid(deb40bea941e8de4c92c4aa853d92979) Importer(815301076,1909f56bfc062723c751e8b465ee728b)  -> (artifact id: 'dbfb4493244a756f9f4ae1159710b1f9') in 0.418957 seconds 
========================================================================
Received Import Request.
  Time since last request: 0.000511 seconds.
  path: Assets/Art/Sprites/AnimatedSprites/Enemies/Gunner/Cutscene/Character/Gunner_INTRO_BOSSONLY_00005.png
  artifactKey: Guid(4cf4c27a8bc1cc947b1a21afb0254ca2) Importer(815301076,1909f56bfc062723c751e8b465ee728b)
Start importing Assets/Art/Sprites/AnimatedSprites/Enemies/Gunner/Cutscene/Character/Gunner_INTRO_BOSSONLY_00005.png using Guid(4cf4c27a8bc1cc947b1a21afb0254ca2) Importer(815301076,1909f56bfc062723c751e8b465ee728b)  -> (artifact id: '2bfdfb21a9c036b16341194c010facad') in 0.360940 seconds 
========================================================================
Received Import Request.
  Time since last request: 0.000107 seconds.
  path: Assets/Art/Sprites/AnimatedSprites/Enemies/Gunner/Cutscene/Character/Gunner_INTRO_BOSSONLY_00004.png
  artifactKey: Guid(632f7b2ff2f8e6948b178ca13543adc8) Importer(815301076,1909f56bfc062723c751e8b465ee728b)
Start importing Assets/Art/Sprites/AnimatedSprites/Enemies/Gunner/Cutscene/Character/Gunner_INTRO_BOSSONLY_00004.png using Guid(632f7b2ff2f8e6948b178ca13543adc8) Importer(815301076,1909f56bfc062723c751e8b465ee728b)  -> (artifact id: 'aaceaffe8aab39db1e98759f5269d4e2') in 0.355303 seconds 
========================================================================
Received Prepare
Registering precompiled user dll's ...
Registered in 0.006219 seconds.
Begin MonoManager ReloadAssembly
Symbol file LoadedFromMemory doesn't match image /Users/morris/Unity Projects/Caso di Studio SV/Library/PackageCache/com.unity.visualscripting@1.7.8/Editor/VisualScripting.Core/Dependencies/DotNetZip/Unity.VisualScripting.IonicZip.dll
Symbol file LoadedFromMemory doesn't match image /Users/morris/Unity Projects/Caso di Studio SV/Library/PackageCache/com.unity.visualscripting@1.7.8/Editor/VisualScripting.Core/Dependencies/YamlDotNet/Unity.VisualScripting.YamlDotNet.dll
Native extension for WindowsStandalone target not found
Native extension for OSXStandalone target not found
Refreshing native plugins compatible for Editor in 2.58 ms, found 2 plugins.
Preloading 0 native plugins for Editor in 0.00 ms.
Mono: successfully reloaded assembly
- Completed reload, in  3.264 seconds
Domain Reload Profiling:
	ReloadAssembly (3267ms)
		BeginReloadAssembly (275ms)
			ExecutionOrderSort (0ms)
			DisableScriptedObjects (11ms)
			BackupInstance (0ms)
			ReleaseScriptingObjects (0ms)
			CreateAndSetChildDomain (138ms)
		EndReloadAssembly (2777ms)
			LoadAssemblies (142ms)
			RebuildTransferFunctionScriptingTraits (0ms)
			SetupTypeCache (708ms)
			ReleaseScriptCaches (3ms)
			RebuildScriptCaches (119ms)
			SetupLoadedEditorAssemblies (1697ms)
				LogAssemblyErrors (0ms)
				InitializePlatformSupportModulesInManaged (22ms)
				SetLoadedEditorAssemblies (1ms)
				RefreshPlugins (3ms)
				BeforeProcessingInitializeOnLoad (217ms)
				ProcessInitializeOnLoadAttributes (911ms)
				ProcessInitializeOnLoadMethodAttributes (536ms)
				AfterProcessingInitializeOnLoad (5ms)
				EditorAssembliesLoaded (1ms)
			ExecutionOrderSort2 (0ms)
			AwakeInstancesAfterBackupRestoration (10ms)
Platform modules already initialized, skipping
Refreshing native plugins compatible for Editor in 6.74 ms, found 2 plugins.
Preloading 0 native plugins for Editor in 0.00 ms.
Unloading 6049 Unused Serialized files (Serialized files now loaded: 0)
Unloading 83 unused Assets / (2.0 MB). Loaded Objects now: 6787.
Memory consumption went from 412.2 MB to 410.2 MB.
Total: 15.477204 ms (FindLiveObjects: 1.031155 ms CreateObjectMapping: 1.083715 ms MarkObjects: 12.333468 ms  DeleteObjects: 1.026831 ms)

AssetImportParameters requested are different than current active one (requested -> active):
  custom:video-decoder-ogg-theora: a1e56fd34408186e4bbccfd4996cb3dc -> 
  custom:container-muxer-webm: aa71ff27fc2769a1b78a27578f13a17b -> 
  custom:container-demuxer-webm: 4f35f7cbe854078d1ac9338744f61a02 -> 
  custom:video-encoder-webm-vp8: eb34c28f22e8b96e1ab97ce403110664 -> 
  custom:framework-osx-AVFoundation: b23960f63f64bdc6ff669e2cdcee2391 -> 
  custom:audio-encoder-webm-vorbis: bf7c407c2cedff20999df2af8eb42d56 -> 
  custom:container-demuxer-ogg: 62fdf1f143b41e24485cea50d1cbac27 -> 
  custom:video-decoder-webm-vp8: 9c59270c3fd7afecdb556c50c9e8de78 -> 
  custom:audio-decoder-ogg-vorbis: bf7c407c2cedff20999df2af8eb42d56 -> 
========================================================================
Received Prepare
Registering precompiled user dll's ...
Registered in 0.007538 seconds.
Begin MonoManager ReloadAssembly
Symbol file LoadedFromMemory doesn't match image /Users/morris/Unity Projects/Caso di Studio SV/Library/PackageCache/com.unity.visualscripting@1.7.8/Editor/VisualScripting.Core/Dependencies/DotNetZip/Unity.VisualScripting.IonicZip.dll
Symbol file LoadedFromMemory doesn't match image /Users/morris/Unity Projects/Caso di Studio SV/Library/PackageCache/com.unity.visualscripting@1.7.8/Editor/VisualScripting.Core/Dependencies/YamlDotNet/Unity.VisualScripting.YamlDotNet.dll
Native extension for WindowsStandalone target not found
Native extension for OSXStandalone target not found
Refreshing native plugins compatible for Editor in 3.81 ms, found 2 plugins.
Preloading 0 native plugins for Editor in 0.00 ms.
Mono: successfully reloaded assembly
- Completed reload, in  3.762 seconds
Domain Reload Profiling:
	ReloadAssembly (3764ms)
		BeginReloadAssembly (268ms)
			ExecutionOrderSort (0ms)
			DisableScriptedObjects (13ms)
			BackupInstance (0ms)
			ReleaseScriptingObjects (0ms)
			CreateAndSetChildDomain (131ms)
		EndReloadAssembly (3278ms)
			LoadAssemblies (136ms)
			RebuildTransferFunctionScriptingTraits (0ms)
			SetupTypeCache (732ms)
			ReleaseScriptCaches (3ms)
			RebuildScriptCaches (193ms)
			SetupLoadedEditorAssemblies (1991ms)
				LogAssemblyErrors (0ms)
				InitializePlatformSupportModulesInManaged (36ms)
				SetLoadedEditorAssemblies (2ms)
				RefreshPlugins (4ms)
				BeforeProcessingInitializeOnLoad (259ms)
				ProcessInitializeOnLoadAttributes (1046ms)
				ProcessInitializeOnLoadMethodAttributes (638ms)
				AfterProcessingInitializeOnLoad (5ms)
				EditorAssembliesLoaded (1ms)
			ExecutionOrderSort2 (0ms)
			AwakeInstancesAfterBackupRestoration (16ms)
Platform modules already initialized, skipping
Refreshing native plugins compatible for Editor in 11.69 ms, found 2 plugins.
Preloading 0 native plugins for Editor in 0.00 ms.
Unloading 6049 Unused Serialized files (Serialized files now loaded: 0)
Unloading 78 unused Assets / (2.0 MB). Loaded Objects now: 6802.
Memory consumption went from 412.4 MB to 410.3 MB.
Total: 18.050601 ms (FindLiveObjects: 1.125409 ms CreateObjectMapping: 1.261945 ms MarkObjects: 14.705215 ms  DeleteObjects: 0.953838 ms)

AssetImportParameters requested are different than current active one (requested -> active):
  custom:video-decoder-ogg-theora: a1e56fd34408186e4bbccfd4996cb3dc -> 
  custom:container-muxer-webm: aa71ff27fc2769a1b78a27578f13a17b -> 
  custom:container-demuxer-webm: 4f35f7cbe854078d1ac9338744f61a02 -> 
  custom:video-encoder-webm-vp8: eb34c28f22e8b96e1ab97ce403110664 -> 
  custom:framework-osx-AVFoundation: b23960f63f64bdc6ff669e2cdcee2391 -> 
  custom:audio-encoder-webm-vorbis: bf7c407c2cedff20999df2af8eb42d56 -> 
  custom:container-demuxer-ogg: 62fdf1f143b41e24485cea50d1cbac27 -> 
  custom:video-decoder-webm-vp8: 9c59270c3fd7afecdb556c50c9e8de78 -> 
  custom:audio-decoder-ogg-vorbis: bf7c407c2cedff20999df2af8eb42d56 -> 
========================================================================
Received Prepare
Registering precompiled user dll's ...
Registered in 0.008023 seconds.
Begin MonoManager ReloadAssembly
Symbol file LoadedFromMemory doesn't match image /Users/morris/Unity Projects/Caso di Studio SV/Library/PackageCache/com.unity.visualscripting@1.7.8/Editor/VisualScripting.Core/Dependencies/DotNetZip/Unity.VisualScripting.IonicZip.dll
Symbol file LoadedFromMemory doesn't match image /Users/morris/Unity Projects/Caso di Studio SV/Library/PackageCache/com.unity.visualscripting@1.7.8/Editor/VisualScripting.Core/Dependencies/YamlDotNet/Unity.VisualScripting.YamlDotNet.dll
Native extension for WindowsStandalone target not found
Native extension for OSXStandalone target not found
Refreshing native plugins compatible for Editor in 3.95 ms, found 2 plugins.
Preloading 0 native plugins for Editor in 0.00 ms.
Mono: successfully reloaded assembly
- Completed reload, in  4.711 seconds
Domain Reload Profiling:
	ReloadAssembly (4716ms)
		BeginReloadAssembly (316ms)
			ExecutionOrderSort (0ms)
			DisableScriptedObjects (16ms)
			BackupInstance (0ms)
			ReleaseScriptingObjects (0ms)
			CreateAndSetChildDomain (146ms)
		EndReloadAssembly (4166ms)
			LoadAssemblies (208ms)
			RebuildTransferFunctionScriptingTraits (0ms)
			SetupTypeCache (895ms)
			ReleaseScriptCaches (4ms)
			RebuildScriptCaches (303ms)
			SetupLoadedEditorAssemblies (2506ms)
				LogAssemblyErrors (0ms)
				InitializePlatformSupportModulesInManaged (34ms)
				SetLoadedEditorAssemblies (2ms)
				RefreshPlugins (4ms)
				BeforeProcessingInitializeOnLoad (280ms)
				ProcessInitializeOnLoadAttributes (1394ms)
				ProcessInitializeOnLoadMethodAttributes (785ms)
				AfterProcessingInitializeOnLoad (7ms)
				EditorAssembliesLoaded (1ms)
			ExecutionOrderSort2 (0ms)
			AwakeInstancesAfterBackupRestoration (18ms)
Platform modules already initialized, skipping
Refreshing native plugins compatible for Editor in 15.48 ms, found 2 plugins.
Preloading 0 native plugins for Editor in 0.00 ms.
Unloading 6049 Unused Serialized files (Serialized files now loaded: 0)
Unloading 78 unused Assets / (2.0 MB). Loaded Objects now: 6817.
Memory consumption went from 412.6 MB to 410.6 MB.
Total: 23.055002 ms (FindLiveObjects: 1.017838 ms CreateObjectMapping: 1.199721 ms MarkObjects: 18.495939 ms  DeleteObjects: 2.337712 ms)

AssetImportParameters requested are different than current active one (requested -> active):
  custom:video-decoder-ogg-theora: a1e56fd34408186e4bbccfd4996cb3dc -> 
  custom:container-muxer-webm: aa71ff27fc2769a1b78a27578f13a17b -> 
  custom:container-demuxer-webm: 4f35f7cbe854078d1ac9338744f61a02 -> 
  custom:video-encoder-webm-vp8: eb34c28f22e8b96e1ab97ce403110664 -> 
  custom:framework-osx-AVFoundation: b23960f63f64bdc6ff669e2cdcee2391 -> 
  custom:audio-encoder-webm-vorbis: bf7c407c2cedff20999df2af8eb42d56 -> 
  custom:container-demuxer-ogg: 62fdf1f143b41e24485cea50d1cbac27 -> 
  custom:video-decoder-webm-vp8: 9c59270c3fd7afecdb556c50c9e8de78 -> 
  custom:audio-decoder-ogg-vorbis: bf7c407c2cedff20999df2af8eb42d56 -> 
